S1	female	FAL
S2	female	FAL
S3	female	KIE
S4	female	KIE
S5	female	NYN
S6	female	NYN
S7	male	BAR
S8	male	BAR
S9	male	SYL
S10	male	SYL
S11	male	LET
S12	male	LET
S13	female	LET
S14	female	LET
S15	female	FAL
S16	female	FAL
S17	female	SYL
S18	female	SYL
S19	female	KIE
S20	female	KIE
S21	female	NYN
S22	female	NYN
S23	male	BAR
S24	male	BAR
S25	female	BAR
S26	female	BAR
S27	female	LET
S28	female	LET
S29	female	FAL
S30	female	FAL
S31	female	SYL
S32	female	SYL
S33	female	KIE
S34	female	KIE
S35	female	NYN
S36	female	NYN
S37	male	NYN
S38	male	NYN
S39	female	BAR
S40	female	BAR
S41	female	LET
S42	female	LET
S43	female	FAL
S44	female	FAL
S45	male	SYL
S46	male	SYL
S47	male	KIE
S48	male	KIE
S49	male	KIE
S50	male	KIE
S51	female	NYN
S52	male	NYN
S53	female	BAR
S54	female	BAR
S55	female	LET
S56	female	LET
S57	male	FAL
S58	male	FAL
S59	male	SYL
S60	male	SYL
S61	male	SYL
S62	male	SYL
S63	male	KIE
S64	male	KIE
S65	male	NYN
S66	male	NYN
S67	female	BAR
S68	female	BAR
S69	male	LET
S70	male	LET
S71	male	FAL
S72	male	FAL
S73	female	SYL
S74	female	SYL
S75	male	FAL
S76	male	FAL
S77	male	KIE
S78	male	KIE
S79	female	NYN
S80	female	NYN
S81	male	BAR
S82	male	BAR
S83	male	LET
S84	male	LET
S85	male	NYN
S86	female	NYN
S87	female	SYL
S88	female	SYL
S89	female	KIE
S90	female	KIE
S91	male	FAL
S92	male	FAL
S93	male	LET
S94	male	LET
S95	male	BAR
S96	male	BAR